<?xml version="1.0" encoding="UTF-8"?>
<!-- Generated by org.testng.reporters.JUnitReportReporter -->
<testsuite hostname="DESKTOP-2U1RROK" failures="1" tests="2" name="runner.TestRunner" time="41.323" errors="0" timestamp="2026-02-23T19:19:25 IST" skipped="0">
  <testcase classname="runner.TestRunner" name="runScenario" time="14.698">
    <failure message="expected [true] but found [false]" type="java.lang.AssertionError">
      <![CDATA[java.lang.AssertionError: expected [true] but found [false]
at org.testng.Assert.fail(Assert.java:111)
at org.testng.Assert.failNotEquals(Assert.java:1578)
at org.testng.Assert.assertTrue(Assert.java:57)
at org.testng.Assert.assertTrue(Assert.java:67)
at stepDefinitions.LoginSteps.verifyHomePage(LoginSteps.java:46)
at ✽.user should navigate to home page(file:///C:/Users/lenovo/git/repository/com.crm.VTIger1/src/test/resources/features/login.feature:8)
]]>
    </failure>
  </testcase> <!-- runScenario -->
  <testcase classname="runner.TestRunner" name="runScenario" time="26.625"/>
</testsuite> <!-- runner.TestRunner -->
